<?xml version="1.0" encoding="utf-8"?><testsuites><testsuite name="pytest" errors="0" failures="1" skipped="0" tests="10" time="0.126" timestamp="2025-03-24T02:12:30.541805-03:00" hostname="ubuntu24-B550M-AORUS-ELITE"><testcase classname="tests.models.test_caminhos" name="test_caminho_valido" time="0.002" /><testcase classname="tests.models.test_caminhos" name="test_caminho_inexistente" time="0.001" /><testcase classname="tests.models.test_caminhos" name="test_sem_permissao" time="0.001" /><testcase classname="tests.models.test_caminhos" name="test_valida_tipo_diretorio" time="0.001" /><testcase classname="tests.models.test_caminhos" name="test_valida_tipo_arquivo" time="0.001" /><testcase classname="tests.models.test_caminhos" name="test_valida_tipo_link_simbolico" time="0.001"><failure message="AssertionError: assert 'arquivo' == 'link simbólico'&#10;  &#10;  - link simbólico&#10;  + arquivo">caminho_link_simbolico = Caminho(caminho=/home/pedro-pm-dias/Downloads/Firefox/sym_link)

    def test_valida_tipo_link_simbolico(caminho_link_simbolico):
&gt;       assert caminho_link_simbolico._determinar_tipo() == "link simbólico"
E       AssertionError: assert 'arquivo' == 'link simbólico'
E         
E         - link simbólico
E         + arquivo

tests/models/test_caminhos.py:66: AssertionError</failure></testcase><testcase classname="tests.models.test_caminhos" name="test_comparacao_caminhos" time="0.001" /><testcase classname="tests.models.test_caminhos" name="test_to_dict" time="0.000" /><testcase classname="tests.models.test_caminhos" name="test_to_json" time="0.001" /><testcase classname="tests.models.test_caminhos" name="test_repr" time="0.001" /></testsuite></testsuites>