<?xml version="1.0" encoding="utf-8"?><testsuites><testsuite name="pytest" errors="0" failures="0" skipped="0" tests="7" time="0.125" timestamp="2025-03-31T23:09:26.936956-03:00" hostname="ubuntu24-B550M-AORUS-ELITE"><testcase classname="tests.models.test_caminhos" name="test_validador_caminho_vazio" time="0.002" /><testcase classname="tests.models.test_caminhos" name="test_validador_caminho_apenas_espacos" time="0.001" /><testcase classname="tests.models.test_caminhos" name="test_validador_caminho_invalido_windows" time="0.001" /><testcase classname="tests.models.test_caminhos" name="test_validador_caminho_invalido_posix" time="0.001" /><testcase classname="tests.models.test_caminhos" name="test_validador_caminho_valido_windows" time="0.002" /><testcase classname="tests.models.test_caminhos" name="test_validador_caminho_valido_posix" time="0.001" /><testcase classname="tests.models.test_caminhos" name="test_validador_caminho_sistema_operacional_nao_suportado" time="0.001" /></testsuite></testsuites>