<?xml version="1.0" encoding="utf-8"?><testsuites><testsuite name="pytest" errors="0" failures="0" skipped="0" tests="15" time="0.155" timestamp="2025-03-26T00:29:20.611072-03:00" hostname="ubuntu24-B550M-AORUS-ELITE"><testcase classname="tests.models.test_caminhos.TestCaminho" name="test_init_com_caminho_valido" time="0.004" /><testcase classname="tests.models.test_caminhos.TestCaminho" name="test_init_com_caminho_invalido" time="0.001" /><testcase classname="tests.models.test_caminhos.TestCaminho" name="test_init_com_caminho_inexistente" time="0.001" /><testcase classname="tests.models.test_caminhos.TestCaminho" name="test_init_sem_permissao" time="0.001" /><testcase classname="tests.models.test_caminhos.TestCaminho" name="test_property_caminho" time="0.001" /><testcase classname="tests.models.test_caminhos.TestCaminho" name="test_validar_caminho" time="0.001" /><testcase classname="tests.models.test_caminhos.TestCaminho" name="test_verificar_permissao" time="0.001" /><testcase classname="tests.models.test_caminhos.TestCaminho" name="test_to_dict" time="0.001" /><testcase classname="tests.models.test_caminhos.TestCaminho" name="test_to_json" time="0.001" /><testcase classname="tests.models.test_caminhos.TestCaminho" name="test_repr" time="0.001" /><testcase classname="tests.models.test_caminhos.TestCaminho" name="test_eq" time="0.001" /><testcase classname="tests.models.test_caminhos.TestCaminho" name="test_validar_caminho_mocked" time="0.003" /><testcase classname="tests.models.test_caminhos.TestCaminho" name="test_determinar_tipo_diretorio" time="0.001" /><testcase classname="tests.models.test_caminhos.TestCaminho" name="test_determinar_tipo_arquivo" time="0.001" /><testcase classname="tests.models.test_caminhos.TestCaminho" name="test_determinar_tipo_link_simbolico" time="0.002" /></testsuite></testsuites>